<?xml version="1.0" encoding="UTF-8"?>
<!-- Generated by org.testng.reporters.JUnitReportReporter -->
<testsuite hostname="DESKTOP-D9FPGBA" failures="0" tests="1" name="sakiba.com.CloudApper" time="109.664" errors="0" timestamp="18 Apr 2024 15:08:46 GMT" skipped="0">
  <testcase classname="sakiba.com.CloudApper" name="download" time="109.664"/>
</testsuite> <!-- sakiba.com.CloudApper -->
